<?xml version="1.0" encoding="UTF-8"?>
<robot generator="Robot 7.3.2 (Python 3.9.2 on linux)" generated="2025-08-12T06:09:26.253067" rpa="false" schemaversion="5">
<suite id="s1" name="2025-08-12T11-39-25" source="/app/cucumber_001/2025-08-12T11-39-25">
<suite id="s1-s1" name="Cucumber 001" source="/app/cucumber_001/2025-08-12T11-39-25/cucumber_001">
<suite id="s1-s1-s1" name="Target" source="/app/cucumber_001/2025-08-12T11-39-25/cucumber_001/target">
<suite id="s1-s1-s1-s1" name="Test Script(11)" source="/app/cucumber_001/2025-08-12T11-39-25/cucumber_001/target/test_script(11).robot">
<test id="s1-s1-s1-s1-t1" name="Open Browser to Example" line="7">
<kw name="Open Browser">
<msg time="2025-08-12T06:09:26.285909" level="FAIL">No keyword with name 'Open Browser' found.</msg>
<arg>${URL}</arg>
<arg>chrome</arg>
<status status="FAIL" start="2025-08-12T06:09:26.285836" elapsed="0.000170">No keyword with name 'Open Browser' found.</status>
</kw>
<kw name="Title Should Be">
<arg>Example Domain</arg>
<status status="NOT RUN" start="2025-08-12T06:09:26.286255" elapsed="0.000028"/>
</kw>
<kw name="Close Browser" type="TEARDOWN">
<msg time="2025-08-12T06:09:26.287415" level="FAIL">No keyword with name 'Close Browser' found.</msg>
<status status="FAIL" start="2025-08-12T06:09:26.287368" elapsed="0.000101">No keyword with name 'Close Browser' found.</status>
</kw>
<status status="FAIL" start="2025-08-12T06:09:26.283843" elapsed="0.003704">No keyword with name 'Open Browser' found.

Also teardown failed:
No keyword with name 'Close Browser' found.</status>
</test>
<test id="s1-s1-s1-s1-t2" name="Verify Example Content" line="12">
<kw name="Open Browser to Example" type="SETUP">
<msg time="2025-08-12T06:09:26.289100" level="FAIL">No keyword with name 'Open Browser to Example' found.</msg>
<status status="FAIL" start="2025-08-12T06:09:26.289056" elapsed="0.000094">No keyword with name 'Open Browser to Example' found.</status>
</kw>
<kw name="Close Browser" type="TEARDOWN">
<msg time="2025-08-12T06:09:26.290289" level="FAIL">No keyword with name 'Close Browser' found.</msg>
<status status="FAIL" start="2025-08-12T06:09:26.290242" elapsed="0.000097">No keyword with name 'Close Browser' found.</status>
</kw>
<status status="FAIL" start="2025-08-12T06:09:26.287852" elapsed="0.002560">Setup failed:
No keyword with name 'Open Browser to Example' found.

Also teardown failed:
No keyword with name 'Close Browser' found.</status>
</test>
<test id="s1-s1-s1-s1-t3" name="Verify Example Content1" line="17">
<kw name="Log To Console" owner="BuiltIn">
<arg>Example Domain</arg>
<doc>Logs the given message to the console.</doc>
<status status="PASS" start="2025-08-12T06:09:26.291073" elapsed="0.000274"/>
</kw>
<status status="PASS" start="2025-08-12T06:09:26.290680" elapsed="0.000858"/>
</test>
<status status="FAIL" start="2025-08-12T06:09:26.282167" elapsed="0.009937"/>
</suite>
<status status="FAIL" start="2025-08-12T06:09:26.280777" elapsed="0.012130"/>
</suite>
<status status="FAIL" start="2025-08-12T06:09:26.279180" elapsed="0.014366"/>
</suite>
<status status="FAIL" start="2025-08-12T06:09:26.254582" elapsed="0.039560"/>
</suite>
<statistics>
<total>
<stat pass="1" fail="2" skip="0">All Tests</stat>
</total>
<tag>
</tag>
<suite>
<stat name="2025-08-12T11-39-25" id="s1" pass="1" fail="2" skip="0">2025-08-12T11-39-25</stat>
<stat name="Cucumber 001" id="s1-s1" pass="1" fail="2" skip="0">2025-08-12T11-39-25.Cucumber 001</stat>
<stat name="Target" id="s1-s1-s1" pass="1" fail="2" skip="0">2025-08-12T11-39-25.Cucumber 001.Target</stat>
<stat name="Test Script(11)" id="s1-s1-s1-s1" pass="1" fail="2" skip="0">2025-08-12T11-39-25.Cucumber 001.Target.Test Script(11)</stat>
</suite>
</statistics>
<errors>
</errors>
</robot>
